<?xml version="1.0" ?>
<coverage version="7.10.4" timestamp="1756293409112" lines-valid="13" lines-covered="10" line-rate="0.7692" branches-covered="0" branches-valid="0" branch-rate="0" complexity="0">
	<!-- Generated by coverage.py: https://coverage.readthedocs.io/en/7.10.4 -->
	<!-- Based on https://raw.githubusercontent.com/cobertura/web/master/htdocs/xml/coverage-04.dtd -->
	<sources>
		<source>/home/nico/Documents/computacion-2025-08-20-integracion-continua-nicolasventin</source>
	</sources>
	<packages>
		<package name="." line-rate="0.7692" branch-rate="0" complexity="0">
			<classes>
				<class name="main.py" filename="main.py" complexity="0" line-rate="0.6667" branch-rate="0">
					<methods/>
					<lines>
						<line number="1" hits="1"/>
						<line number="2" hits="1"/>
						<line number="4" hits="1"/>
						<line number="5" hits="0"/>
						<line number="7" hits="1"/>
						<line number="8" hits="0"/>
					</lines>
				</class>
				<class name="tests.py" filename="tests.py" complexity="0" line-rate="0.8571" branch-rate="0">
					<methods/>
					<lines>
						<line number="1" hits="1"/>
						<line number="2" hits="1"/>
						<line number="4" hits="1"/>
						<line number="5" hits="1"/>
						<line number="6" hits="1"/>
						<line number="8" hits="1"/>
						<line number="9" hits="0"/>
					</lines>
				</class>
			</classes>
		</package>
	</packages>
</coverage>
